Using pre-set license
Built from '2020.3/staging' branch; Version is '2020.3.19f1 (68f137dc9bbe) revision 6877495'; Using compiler version '192528614'; Build Type 'Release'
OS: 'Windows 10 Pro; OS build 19043.1237; Version 2009; 64bit' Language: 'en' Physical Memory: 16313 MB
BatchMode: 1, IsHumanControllingUs: 0, StartBugReporterOnCrash: 0, Is64bit: 1, IsPro: 0

COMMAND LINE ARGUMENTS:
D:\Work_KMUTT\Data Stu\2020.3.19f1\Editor\Unity.exe
-adb2
-batchMode
-noUpm
-name
AssetImportWorker0
-projectPath
D:/Work_KMUTT/NSC/NSC_year3
-logFile
Logs/AssetImportWorker0.log
-srvPort
54755
Successfully changed project path to: D:/Work_KMUTT/NSC/NSC_year3
D:/Work_KMUTT/NSC/NSC_year3
Using Asset Import Pipeline V2.
Refreshing native plugins compatible for Editor in 27.99 ms, found 2 plugins.
Preloading 0 native plugins for Editor in 0.00 ms.
Initialize engine version: 2020.3.19f1 (68f137dc9bbe)
[Subsystems] Discovering subsystems at path D:/Work_KMUTT/Data Stu/2020.3.19f1/Editor/Data/Resources/UnitySubsystems
[Subsystems] Discovering subsystems at path D:/Work_KMUTT/NSC/NSC_year3/Assets
GfxDevice: creating device client; threaded=0
Direct3D:
    Version:  Direct3D 11.0 [level 11.1]
    Renderer: NVIDIA GeForce RTX 2060 (ID=0x1f08)
    Vendor:   
    VRAM:     5980 MB
    Driver:   30.0.14.7196
Initialize mono
Mono path[0] = 'D:/Work_KMUTT/Data Stu/2020.3.19f1/Editor/Data/Managed'
Mono path[1] = 'D:/Work_KMUTT/Data Stu/2020.3.19f1/Editor/Data/MonoBleedingEdge/lib/mono/unityjit'
Mono config path = 'D:/Work_KMUTT/Data Stu/2020.3.19f1/Editor/Data/MonoBleedingEdge/etc'
Using monoOptions --debugger-agent=transport=dt_socket,embedding=1,server=y,suspend=n,address=127.0.0.1:56824
Begin MonoManager ReloadAssembly
Registering precompiled unity dll's ...
Register platform support module: D:/Work_KMUTT/Data Stu/2020.3.19f1/Editor/Data/PlaybackEngines/WindowsStandaloneSupport/UnityEditor.WindowsStandalone.Extensions.dll
Registered in 0.001048 seconds.
Native extension for WindowsStandalone target not found
Refreshing native plugins compatible for Editor in 28.51 ms, found 2 plugins.
Preloading 0 native plugins for Editor in 0.00 ms.
Mono: successfully reloaded assembly
- Completed reload, in  0.872 seconds
Domain Reload Profiling:
	ReloadAssembly (872ms)
		BeginReloadAssembly (49ms)
			ExecutionOrderSort (0ms)
			DisableScriptedObjects (0ms)
			BackupInstance (0ms)
			ReleaseScriptingObjects (0ms)
			CreateAndSetChildDomain (1ms)
		EndReloadAssembly (406ms)
			LoadAssemblies (48ms)
			RebuildTransferFunctionScriptingTraits (0ms)
			SetupTypeCache (157ms)
			ReleaseScriptCaches (0ms)
			RebuildScriptCaches (29ms)
			SetupLoadedEditorAssemblies (152ms)
				LogAssemblyErrors (0ms)
				InitializePlatformSupportModulesInManaged (3ms)
				SetLoadedEditorAssemblies (0ms)
				RefreshPlugins (29ms)
				BeforeProcessingInitializeOnLoad (16ms)
				ProcessInitializeOnLoadAttributes (76ms)
				ProcessInitializeOnLoadMethodAttributes (28ms)
				AfterProcessingInitializeOnLoad (0ms)
				EditorAssembliesLoaded (0ms)
			ExecutionOrderSort2 (0ms)
			AwakeInstancesAfterBackupRestoration (0ms)
Platform modules already initialized, skipping
Registering precompiled user dll's ...
Registered in 0.002028 seconds.
Begin MonoManager ReloadAssembly
Native extension for WindowsStandalone target not found
Refreshing native plugins compatible for Editor in 0.29 ms, found 2 plugins.
Preloading 0 native plugins for Editor in 0.00 ms.
Mono: successfully reloaded assembly
- Completed reload, in  0.962 seconds
Domain Reload Profiling:
	ReloadAssembly (962ms)
		BeginReloadAssembly (141ms)
			ExecutionOrderSort (0ms)
			DisableScriptedObjects (4ms)
			BackupInstance (0ms)
			ReleaseScriptingObjects (0ms)
			CreateAndSetChildDomain (18ms)
		EndReloadAssembly (760ms)
			LoadAssemblies (80ms)
			RebuildTransferFunctionScriptingTraits (0ms)
			SetupTypeCache (270ms)
			ReleaseScriptCaches (0ms)
			RebuildScriptCaches (41ms)
			SetupLoadedEditorAssemblies (279ms)
				LogAssemblyErrors (0ms)
				InitializePlatformSupportModulesInManaged (5ms)
				SetLoadedEditorAssemblies (0ms)
				RefreshPlugins (0ms)
				BeforeProcessingInitializeOnLoad (67ms)
				ProcessInitializeOnLoadAttributes (199ms)
				ProcessInitializeOnLoadMethodAttributes (4ms)
				AfterProcessingInitializeOnLoad (2ms)
				EditorAssembliesLoaded (0ms)
			ExecutionOrderSort2 (0ms)
			AwakeInstancesAfterBackupRestoration (7ms)
Platform modules already initialized, skipping
========================================================================
Worker process is ready to serve import requests
Launched and connected shader compiler UnityShaderCompiler.exe after 0.09 seconds
Refreshing native plugins compatible for Editor in 0.29 ms, found 2 plugins.
Preloading 0 native plugins for Editor in 0.00 ms.
Unloading 1410 Unused Serialized files (Serialized files now loaded: 0)
System memory in use before: 66.9 MB.
System memory in use after: 67.0 MB.

Unloading 16 unused Assets to reduce memory usage. Loaded Objects now: 1845.
Total: 2.821400 ms (FindLiveObjects: 0.163100 ms CreateObjectMapping: 0.049600 ms MarkObjects: 2.499800 ms  DeleteObjects: 0.107500 ms)

AssetImportParameters requested are different than current active one (requested -> active):
  custom:framework-win-MediaFoundation: 216162199b28c13a410421893ffa2e32 -> 
  custom:video-decoder-ogg-theora: a1e56fd34408186e4bbccfd4996cb3dc -> 
  custom:container-muxer-webm: aa71ff27fc2769a1b78a27578f13a17b -> 
  custom:container-demuxer-webm: 4f35f7cbe854078d1ac9338744f61a02 -> 
  custom:container-demuxer-ogg: 62fdf1f143b41e24485cea50d1cbac27 -> 
  custom:video-encoder-webm-vp8: eb34c28f22e8b96e1ab97ce403110664 -> 
  custom:video-decoder-webm-vp8: 9c59270c3fd7afecdb556c50c9e8de78 -> 
  custom:audio-decoder-ogg-vorbis: bf7c407c2cedff20999df2af8eb42d56 -> 
  custom:audio-encoder-webm-vorbis: bf7c407c2cedff20999df2af8eb42d56 -> 
========================================================================
Received Import Request.
  path: Assets/OPUN-REGULAR.TTF
  artifactKey: Guid(7aaee24f6e64c9a46a56287e0f326bde) Importer(815301076,1909f56bfc062723c751e8b465ee728b)
Start importing Assets/OPUN-REGULAR.TTF using Guid(7aaee24f6e64c9a46a56287e0f326bde) Importer(815301076,1909f56bfc062723c751e8b465ee728b)  -> (artifact id: '908f11dcc3c2fb58a348f7209fa48dc0') in 0.175859 seconds 
  Import took 0.178301 seconds .

========================================================================
Received Import Request.
  Time since last request: 3.673983 seconds.
  path: Assets/OPUN-REGULAR SDF.asset
  artifactKey: Guid(d83336c7ff33ecb43bc2ba62c82ca372) Importer(815301076,1909f56bfc062723c751e8b465ee728b)
Start importing Assets/OPUN-REGULAR SDF.asset using Guid(d83336c7ff33ecb43bc2ba62c82ca372) Importer(815301076,1909f56bfc062723c751e8b465ee728b)  -> (artifact id: 'e64781848367ff393d09eb425fa67ac3') in 0.038557 seconds 
  Import took 0.041644 seconds .

========================================================================
Received Import Request.
  Time since last request: 17.098450 seconds.
  path: Assets
  artifactKey: Guid(00000000000000001000000000000000) Importer(815301076,1909f56bfc062723c751e8b465ee728b)
Start importing Assets using Guid(00000000000000001000000000000000) Importer(815301076,1909f56bfc062723c751e8b465ee728b)  -> (artifact id: '42d402b061de3733987d63b9cc3b64de') in 0.006376 seconds 
  Import took 0.017436 seconds .

========================================================================
Received Import Request.
  Time since last request: 7.745000 seconds.
  path: Assets/Front
  artifactKey: Guid(bf4dffaf82490ff4c9d36fbaaf73e28f) Importer(815301076,1909f56bfc062723c751e8b465ee728b)
Start importing Assets/Front using Guid(bf4dffaf82490ff4c9d36fbaaf73e28f) Importer(815301076,1909f56bfc062723c751e8b465ee728b)  -> (artifact id: '8229fefa1cabccf99583a930624484dc') in 0.010585 seconds 
  Import took 0.029058 seconds .

========================================================================
Received Import Request.
  Time since last request: 9.535665 seconds.
  path: Assets/TextMesh Pro/Resources/Fonts & Materials/LiberationSans SDF.asset
  artifactKey: Guid(8f586378b4e144a9851e7b34d9b748ee) Importer(815301076,1909f56bfc062723c751e8b465ee728b)
Start importing Assets/TextMesh Pro/Resources/Fonts & Materials/LiberationSans SDF.asset using Guid(8f586378b4e144a9851e7b34d9b748ee) Importer(815301076,1909f56bfc062723c751e8b465ee728b)  -> (artifact id: 'f1280cc7be10b532b2897fc8654f95d3') in 0.056925 seconds 
  Import took 0.073554 seconds .

========================================================================
Received Import Request.
  Time since last request: 0.000165 seconds.
  path: Assets/TextMesh Pro/Resources/Fonts & Materials/LiberationSans SDF - Fallback.asset
  artifactKey: Guid(2e498d1c8094910479dc3e1b768306a4) Importer(815301076,1909f56bfc062723c751e8b465ee728b)
Start importing Assets/TextMesh Pro/Resources/Fonts & Materials/LiberationSans SDF - Fallback.asset using Guid(2e498d1c8094910479dc3e1b768306a4) Importer(815301076,1909f56bfc062723c751e8b465ee728b)  -> (artifact id: 'b8c2210586957436df79bf961aeff06e') in 0.017214 seconds 
  Import took 0.019968 seconds .

========================================================================
Received Import Request.
  Time since last request: 46.083134 seconds.
  path: Assets/Front/OPUN-REGULAR.TTF
  artifactKey: Guid(ba872d0244be6f7408a599f185c9bec3) Importer(815301076,1909f56bfc062723c751e8b465ee728b)
Start importing Assets/Front/OPUN-REGULAR.TTF using Guid(ba872d0244be6f7408a599f185c9bec3) Importer(815301076,1909f56bfc062723c751e8b465ee728b)  -> (artifact id: '5086521d8a7ea32acbdf5f59fa3107fc') in 0.009733 seconds 
  Import took 0.013067 seconds .

========================================================================
Received Import Request.
  Time since last request: 1.759045 seconds.
  path: Assets/Front/OPUN-REGULAR SDF.asset
  artifactKey: Guid(d83336c7ff33ecb43bc2ba62c82ca372) Importer(815301076,1909f56bfc062723c751e8b465ee728b)
Start importing Assets/Front/OPUN-REGULAR SDF.asset using Guid(d83336c7ff33ecb43bc2ba62c82ca372) Importer(815301076,1909f56bfc062723c751e8b465ee728b)  -> (artifact id: '58aca3c5feac3732832d67e1b2d44981') in 0.014396 seconds 
  Import took 0.031761 seconds .

========================================================================
Received Import Request.
  Time since last request: 40.353338 seconds.
  path: Assets/Front/OPUN-REGULAR SDF.asset
  artifactKey: Guid(d83336c7ff33ecb43bc2ba62c82ca372) Importer(815301076,1909f56bfc062723c751e8b465ee728b)
Start importing Assets/Front/OPUN-REGULAR SDF.asset using Guid(d83336c7ff33ecb43bc2ba62c82ca372) Importer(815301076,1909f56bfc062723c751e8b465ee728b)  -> (artifact id: 'c6e104a61ec5392e13b24e3a1a96248e') in 0.029185 seconds 
  Import took 0.031763 seconds .

